<?xml version="1.0" encoding="utf-8"?><testsuites name="pytest tests"><testsuite name="pytest" errors="0" failures="0" skipped="0" tests="53" time="5.604" timestamp="2026-06-24T11:58:20.656770+00:00" hostname="wsl"><testcase classname="tests.acceptance.test_cli_bootstrap" name="test_python_module_version" time="0.153" /><testcase classname="tests.acceptance.test_cli_bootstrap" name="test_python_module_help" time="0.165" /><testcase classname="tests.acceptance.test_cli_reporting" name="test_version_with_input_prints_version_and_success" time="0.128" /><testcase classname="tests.acceptance.test_cli_reporting" name="test_quiet_mode_allows_saving_xml_report" time="0.128" /><testcase classname="tests.acceptance.test_cli_reporting" name="test_conflicting_report_formats_are_rejected" time="0.120" /><testcase classname="tests.acceptance.test_cli_reporting" name="test_failonwarnings_returns_error" time="0.110" /><testcase classname="tests.acceptance.test_cli_reporting" name="test_usage_flag_includes_usage_messages" time="0.120" /><testcase classname="tests.acceptance.test_cli_reporting" name="test_severity_filters[-w-1-present0-absent0]" time="0.114" /><testcase classname="tests.acceptance.test_cli_reporting" name="test_severity_filters[-e-1-present1-absent1]" time="0.112" /><testcase classname="tests.acceptance.test_cli_reporting" name="test_severity_filters[-f-0-present2-absent2]" time="0.111" /><testcase classname="tests.acceptance.test_cli_reporting" name="test_json_stdout_report_suppresses_success_message" time="0.120" /><testcase classname="tests.acceptance.test_cli_reporting" name="test_custom_message_overrides_apply" time="0.113" /><testcase classname="tests.acceptance.test_cli_reporting" name="test_custom_message_validation_errors[severity_override_missing.txt-CHK-001]" time="0.112" /><testcase classname="tests.acceptance.test_cli_reporting" name="test_custom_message_validation_errors[severity_override_bad_id.txt-CHK-002]" time="0.133" /><testcase classname="tests.acceptance.test_cli_reporting" name="test_custom_message_validation_errors[severity_override_bad_severity.txt-CHK-003]" time="0.109" /><testcase classname="tests.acceptance.test_cli_reporting" name="test_custom_message_validation_errors[severity_override_bad_message.txt-CHK-004]" time="0.111" /><testcase classname="tests.acceptance.test_cli_reporting" name="test_custom_message_validation_errors[severity_override_bad_suggestion.txt-CHK-005]" time="0.112" /><testcase classname="tests.acceptance.test_content_documents" name="test_minimal_xhtml_document_passes" time="0.103" /><testcase classname="tests.acceptance.test_content_documents" name="test_xhtml_title_error_reports_rsc_005" time="0.109" /><testcase classname="tests.acceptance.test_content_documents" name="test_svg_use_without_fragment_reports_rsc_015" time="0.099" /><testcase classname="tests.acceptance.test_content_documents" name="test_css_missing_resource_reports_rsc_007" time="0.110" /><testcase classname="tests.acceptance.test_harness" name="test_in_process_transport_supports_version" time="0.004" /><testcase classname="tests.acceptance.test_harness" name="test_subprocess_transport_supports_version" time="0.109" /><testcase classname="tests.acceptance.test_harness" name="test_harness_collects_json_and_xml_reports" time="0.226" /><testcase classname="tests.acceptance.test_navigation_layout_profiles" name="test_navigation_toc_missing_reports_rsc_005" time="0.112" /><testcase classname="tests.acceptance.test_navigation_layout_profiles" name="test_layout_unknown_value_reports_rsc_005" time="0.111" /><testcase classname="tests.acceptance.test_navigation_layout_profiles" name="test_media_overlay_metadata_syntax_reports_rsc_005" time="0.108" /><testcase classname="tests.acceptance.test_navigation_layout_profiles" name="test_vocab_undeclared_prefix_reports_opf_028" time="0.116" /><testcase classname="tests.acceptance.test_navigation_layout_profiles" name="test_edupub_missing_pagelist_reports_nav_003" time="0.115" /><testcase classname="tests.acceptance.test_navigation_layout_profiles" name="test_index_missing_index_reports_rsc_005" time="0.113" /><testcase classname="tests.acceptance.test_navigation_layout_profiles" name="test_preview_missing_dc_type_reports_rsc_005" time="0.112" /><testcase classname="tests.acceptance.test_navigation_layout_profiles" name="test_dictionary_missing_type_reports_rsc_005_and_opf_079" time="0.107" /><testcase classname="tests.acceptance.test_navigation_layout_profiles" name="test_region_nav_not_xhtml_reports_opf_012" time="0.103" /><testcase classname="tests.acceptance.test_navigation_layout_profiles" name="test_scriptable_component_missing_prefix_reports_opf_028" time="0.100" /><testcase classname="tests.acceptance.test_navigation_layout_profiles" name="test_distributable_object_missing_identifier_reports_rsc_005" time="0.098" /><testcase classname="tests.acceptance.test_navigation_layout_profiles" name="test_accessibility_unknown_property_reports_opf_027" time="0.104" /><testcase classname="tests.acceptance.test_navigation_layout_profiles" name="test_localized_schema_messages_switch_language" time="0.214" /><testcase classname="tests.acceptance.test_navigation_layout_profiles" name="test_localized_css_messages_switch_language" time="0.102" /><testcase classname="tests.acceptance.test_ocf_minimal" name="test_minimal_expanded_epub_passes" time="0.107" /><testcase classname="tests.acceptance.test_ocf_minimal" name="test_minimal_packaged_epub_passes" time="0.093" /><testcase classname="tests.acceptance.test_ocf_minimal" name="test_save_creates_epub_from_expanded_directory" time="0.095" /><testcase classname="tests.acceptance.test_ocf_minimal" name="test_missing_mimetype_reports_pkg_006" time="0.102" /><testcase classname="tests.acceptance.test_ocf_minimal" name="test_invalid_mimetype_reports_pkg_007" time="0.106" /><testcase classname="tests.acceptance.test_package_resources" name="test_package_namespace_error_reports_rsc_005" time="0.094" /><testcase classname="tests.acceptance.test_package_resources" name="test_package_href_spaces_warning_reports_pkg_010" time="0.096" /><testcase classname="tests.acceptance.test_package_resources" name="test_meta_inf_publication_resource_reports_pkg_025" time="0.103" /><testcase classname="tests.acceptance.test_package_resources" name="test_forbidden_filename_reports_pkg_009" time="0.111" /><testcase classname="tests.acceptance.test_package_resources" name="test_duplicate_filename_reports_opf_060" time="0.106" /><testcase classname="tests.unit.test_bootstrap_models" name="test_validation_report_exit_code_tracks_errors" time="0.001" /><testcase classname="tests.unit.test_bootstrap_models" name="test_validation_report_fail_on_warnings" time="0.001" /><testcase classname="tests.unit.test_bootstrap_models" name="test_validation_config_defaults" time="0.001" /><testcase classname="tests.unit.test_support_harness" name="test_fixture_locator_resolves_feature_relative_paths" time="0.002" /><testcase classname="tests.unit.test_support_harness" name="test_build_epub_from_directory_places_mimetype_first" time="0.004" /></testsuite></testsuites>